<?xml version="1.0" encoding="UTF-8"?>
<testng-results ignored="0" total="1" passed="1" failed="0" skipped="0">
  <reporter-output>
  </reporter-output>
  <suite started-at="2026-03-04T14:45:25 IST" name="Default suite" finished-at="2026-03-04T14:45:42 IST" duration-ms="16687">
    <groups>
    </groups>
    <test started-at="2026-03-04T14:45:25 IST" name="Default test" finished-at="2026-03-04T14:45:42 IST" duration-ms="16687">
      <class name="com.sample.projecttest.SampleTest">
        <test-method signature="createContact()[pri:0, instance:com.sample.projecttest.SampleTest@6580cfdd]" started-at="2026-03-04T14:45:25 IST" name="createContact" finished-at="2026-03-04T14:45:42 IST" duration-ms="16643" status="PASS">
          <reporter-output>
          </reporter-output>
        </test-method> <!-- createContact -->
      </class> <!-- com.sample.projecttest.SampleTest -->
    </test> <!-- Default test -->
  </suite> <!-- Default suite -->
</testng-results>
