<?xml version="1.0" encoding="UTF-8"?>
<testng-results ignored="0" total="2" passed="2" failed="0" skipped="0">
  <reporter-output>
  </reporter-output>
  <suite started-at="2026-03-05T10:00:32 IST" name="Default suite" finished-at="2026-03-05T10:00:32 IST" duration-ms="71">
    <groups>
    </groups>
    <test started-at="2026-03-05T10:00:32 IST" name="Default test" finished-at="2026-03-05T10:00:32 IST" duration-ms="71">
      <class name="com.sample.projecttest.SampleCreateConTest">
        <test-method signature="createContact1Test()[pri:0, instance:com.sample.projecttest.SampleCreateConTest@74fe5c40]" started-at="2026-03-05T10:00:32 IST" name="createContact1Test" finished-at="2026-03-05T10:00:32 IST" duration-ms="12" status="PASS">
          <reporter-output>
          </reporter-output>
        </test-method> <!-- createContact1Test -->
        <test-method signature="createContact2Test()[pri:0, instance:com.sample.projecttest.SampleCreateConTest@74fe5c40]" started-at="2026-03-05T10:00:32 IST" name="createContact2Test" finished-at="2026-03-05T10:00:32 IST" duration-ms="2" status="PASS">
          <reporter-output>
          </reporter-output>
        </test-method> <!-- createContact2Test -->
      </class> <!-- com.sample.projecttest.SampleCreateConTest -->
    </test> <!-- Default test -->
  </suite> <!-- Default suite -->
</testng-results>
