<?xml version="1.0" encoding="UTF-8"?>
<!-- Generated by org.testng.reporters.JUnitReportReporter -->
<testsuite hostname="Jai_Mata" failures="0" tests="2" name="com.sample.projecttest.SampleCreateConTest" time="0.014" errors="0" timestamp="2026-03-05T10:00:32 IST" skipped="0">
  <testcase classname="com.sample.projecttest.SampleCreateConTest" name="createContact2Test" time="0.002"/>
  <testcase classname="com.sample.projecttest.SampleCreateConTest" name="createContact1Test" time="0.012"/>
</testsuite> <!-- com.sample.projecttest.SampleCreateConTest -->
